10/10/2019 4:40:23 PM	This log contains information about the import schema operation into project 'Database' on computer 'WSC-248-71' by user 'Nikita.Ivanov'.
10/10/2019 4:40:24 PM	Import of database schema has started.
10/10/2019 4:40:29 PM	Gathering database credentials
10/10/2019 4:40:29 PM	Gathering database options
10/10/2019 4:40:29 PM	Gathering generic database scoped configuration option
10/10/2019 4:40:29 PM	Gathering users
10/10/2019 4:40:29 PM	Gathering roles
10/10/2019 4:40:29 PM	Gathering application roles
10/10/2019 4:40:29 PM	Gathering role memberships
10/10/2019 4:40:29 PM	Gathering filegroups
10/10/2019 4:40:29 PM	Gathering full-text catalogs
10/10/2019 4:40:29 PM	Gathering assemblies
10/10/2019 4:40:29 PM	Gathering certificates
10/10/2019 4:40:29 PM	Gathering asymmetric keys
10/10/2019 4:40:29 PM	Gathering symmetric keys
10/10/2019 4:40:29 PM	Gathering encrypted symmetric keys
10/10/2019 4:40:29 PM	Gathering schemas
10/10/2019 4:40:29 PM	Gathering XML schema collections
10/10/2019 4:40:29 PM	Gathering user-defined data types
10/10/2019 4:40:29 PM	Gathering user-defined types
10/10/2019 4:40:29 PM	Gathering table types
10/10/2019 4:40:29 PM	Gathering unique keys for table types
10/10/2019 4:40:29 PM	Gathering primary keys for table types
10/10/2019 4:40:29 PM	Gathering indexes for table types
10/10/2019 4:40:29 PM	Gathering check constraints for table types
10/10/2019 4:40:30 PM	Gathering default constraints for table types
10/10/2019 4:40:30 PM	Gathering partition functions
10/10/2019 4:40:30 PM	Gathering partition schemes
10/10/2019 4:40:30 PM	Gathering functions
10/10/2019 4:40:30 PM	Gathering encrypted functions
10/10/2019 4:40:30 PM	Gathering aggregates
10/10/2019 4:40:30 PM	Gathering procedures
10/10/2019 4:40:30 PM	Gathering encrypted procedures
10/10/2019 4:40:30 PM	Gathering tables
10/10/2019 4:40:30 PM	Gathering primary keys
10/10/2019 4:40:30 PM	Gathering unique constraints
10/10/2019 4:40:30 PM	Gathering foreign keys
10/10/2019 4:40:30 PM	Gathering default constraints
10/10/2019 4:40:30 PM	Gathering check constraints
10/10/2019 4:40:30 PM	Gathering views
10/10/2019 4:40:30 PM	Gathering encrypted views
10/10/2019 4:40:30 PM	Gathering indexes
10/10/2019 4:40:30 PM	Gathering statistics
10/10/2019 4:40:30 PM	Gathering full-text index stoplists
10/10/2019 4:40:30 PM	Gathering search property lists
10/10/2019 4:40:30 PM	Gathering search properties
10/10/2019 4:40:30 PM	Gathering full-text indexes
10/10/2019 4:40:30 PM	Gathering column store indexes
10/10/2019 4:40:30 PM	Gathering spatial indexes
10/10/2019 4:40:30 PM	Gathering XML indexes
10/10/2019 4:40:30 PM	Gathering Selective XML indexes
10/10/2019 4:40:30 PM	Gathering encrypted triggers
10/10/2019 4:40:30 PM	Gathering triggers
10/10/2019 4:40:30 PM	Gathering encrypted and clr ddl triggers
10/10/2019 4:40:30 PM	Gathering ddl triggers
10/10/2019 4:40:30 PM	Gathering synonyms
10/10/2019 4:40:30 PM	Gathering defaults
10/10/2019 4:40:30 PM	Gathering data constraint uddt bindings
10/10/2019 4:40:30 PM	Gathering rules
10/10/2019 4:40:30 PM	Gathering data constraint uddt bindings
10/10/2019 4:40:30 PM	Gathering message types
10/10/2019 4:40:30 PM	Gathering queues
10/10/2019 4:40:30 PM	Gathering contracts
10/10/2019 4:40:30 PM	Gathering services
10/10/2019 4:40:30 PM	Gathering event notifications
10/10/2019 4:40:30 PM	Gathering remote service bindings
10/10/2019 4:40:30 PM	Gathering broker priorities
10/10/2019 4:40:30 PM	Gathering signatures
10/10/2019 4:40:30 PM	Gathering data compression options
10/10/2019 4:40:30 PM	Gathering sequence types
10/10/2019 4:40:30 PM	Gathering security policies
10/10/2019 4:40:30 PM	Gather column encryption keys
10/10/2019 4:40:30 PM	Gathering column master keys
10/10/2019 4:40:30 PM	Gathering external data sources
10/10/2019 4:40:30 PM	Gathering external file formats
10/10/2019 4:40:30 PM	Gathering external tables
10/10/2019 4:40:30 PM	Gathering extended properties
10/10/2019 4:40:30 PM	Gathering credentials
10/10/2019 4:40:30 PM	Gathering logins
10/10/2019 4:40:30 PM	Gathering server audits
10/10/2019 4:40:30 PM	Scanning project for duplicate elements
10/10/2019 4:40:30 PM	Finished duplicate element processing
10/10/2019 4:40:31 PM	Finished importing database.
10/10/2019 4:40:31 PM	A summary of the import was saved to the following location: D:\Projects\EasyFlight\Server\Database\Import Schema Logs\Database_20191010014023.log
10/10/2019 4:40:31 PM	Click Finish to continue...
